2025-05-02 19:32:05,234 INFO Starting Deriv Trading Signal Bot...
2025-05-02 19:32:52,474 ERROR Exception while handling an update: Timed out
2025-05-02 19:38:00,612 INFO Starting Deriv Trading Signal Bot...
2025-05-02 19:38:42,529 INFO Fetching data for R_75
2025-05-02 19:38:51,199 INFO 📊 <b>R_75</b> Signal: <b>Buy</b>
🧠 Pattern: <b>Double Top, Double Bottom</b>
💰 Price: 112417.69
📈 RSI: 58.90
📉 MACD: 16.74 | Signal: -33.27
🕒 19:38:51
2025-05-02 19:39:27,148 INFO Fetching data for R_50
2025-05-02 19:39:29,140 INFO 📊 <b>R_50</b> Signal: <b>Hold</b>
🧠 Pattern: <b>Double Top, Double Bottom</b>
💰 Price: 188.32
📈 RSI: 59.09
📉 MACD: 0.13 | Signal: 0.10
🕒 19:39:29
2025-05-02 19:40:07,481 INFO Fetching data for R_75
2025-05-02 19:40:09,202 INFO 📊 <b>R_75</b> Signal: <b>Buy</b>
🧠 Pattern: <b>Double Top, Double Bottom</b>
💰 Price: 112674.23
📈 RSI: 66.54
📉 MACD: 78.29 | Signal: 3.59
🕒 19:40:09
